Warning: you requested the nanomsg event logger, but bmv2 was compiled without -DBMELOG, and the event logger cannot be activated
Calling target program-options parser
[06:59:20.240] [bmv2] [D] [thread 32234] Set default default entry for table 'tbl_forwarding146': forwarding146 - 
[06:59:20.240] [bmv2] [D] [thread 32234] Set default default entry for table 'MyIngress.ipv4_exact': NoAction - 
Adding interface s3-eth1 as port 1
[06:59:20.243] [bmv2] [D] [thread 32234] Adding interface s3-eth1 as port 1
Adding interface s3-eth2 as port 2
[06:59:20.282] [bmv2] [D] [thread 32234] Adding interface s3-eth2 as port 2
Adding interface s3-eth3 as port 3
[06:59:20.315] [bmv2] [D] [thread 32234] Adding interface s3-eth3 as port 3
[06:59:20.347] [bmv2] [I] [thread 32234] Starting Thrift server on port 9092
[06:59:20.347] [bmv2] [I] [thread 32234] Thrift server was started
[06:59:20.440] [bmv2] [D] [thread 32241] [0.0] [cxt 0] Processing packet received on port 2
[06:59:20.440] [bmv2] [D] [thread 32241] [0.0] [cxt 0] Parser 'parser': start
[06:59:20.440] [bmv2] [D] [thread 32241] [0.0] [cxt 0] Parser 'parser' entering state 'start'
[06:59:20.440] [bmv2] [D] [thread 32241] [0.0] [cxt 0] Extracting header 'ethernet'
[06:59:20.440] [bmv2] [D] [thread 32241] [0.0] [cxt 0] Parser state 'start': key is 86dd
[06:59:20.440] [bmv2] [T] [thread 32241] [0.0] [cxt 0] Bytes parsed: 14
[06:59:20.440] [bmv2] [D] [thread 32241] [0.0] [cxt 0] Parser 'parser': end
[06:59:20.440] [bmv2] [D] [thread 32241] [0.0] [cxt 0] Pipeline 'ingress': start
[06:59:20.440] [bmv2] [T] [thread 32241] [0.0] [cxt 0] Applying table 'tbl_forwarding146'
[06:59:20.440] [bmv2] [D] [thread 32241] [0.0] [cxt 0] Looking up key:

[06:59:20.440] [bmv2] [D] [thread 32241] [0.0] [cxt 0] Table 'tbl_forwarding146': miss
[06:59:20.440] [bmv2] [D] [thread 32241] [0.0] [cxt 0] Action entry is forwarding146 - 
[06:59:20.440] [bmv2] [T] [thread 32241] [0.0] [cxt 0] Action forwarding146
[06:59:20.440] [bmv2] [T] [thread 32241] [0.0] [cxt 0] forwarding.p4(146) Primitive (bit<32>)standard_metadata.ingress_port
[06:59:20.440] [bmv2] [T] [thread 32241] [0.0] [cxt 0] forwarding.p4(146) Primitive port_counter.count((bit<32>)standard_metadata.ingress_port)
[06:59:20.440] [bmv2] [T] [thread 32241] [0.0] [cxt 0] Updated counter 'MyIngress.port_counter' at index 2
[06:59:20.440] [bmv2] [T] [thread 32241] [0.0] [cxt 0] forwarding.p4(149) Condition "hdr.ipv4.isValid()" (node_3) is false
[06:59:20.440] [bmv2] [D] [thread 32241] [0.0] [cxt 0] Pipeline 'ingress': end
[06:59:20.440] [bmv2] [D] [thread 32241] [0.0] [cxt 0] Egress port is 0
[06:59:20.440] [bmv2] [D] [thread 32242] [0.0] [cxt 0] Pipeline 'egress': start
[06:59:20.440] [bmv2] [D] [thread 32242] [0.0] [cxt 0] Pipeline 'egress': end
[06:59:20.440] [bmv2] [D] [thread 32242] [0.0] [cxt 0] Deparser 'deparser': start
[06:59:20.440] [bmv2] [T] [thread 32242] [0.0] [cxt 0] Skipping checksum 'cksum' update because condition not met
[06:59:20.440] [bmv2] [D] [thread 32242] [0.0] [cxt 0] Deparsing header 'ethernet'
[06:59:20.440] [bmv2] [D] [thread 32242] [0.0] [cxt 0] Deparser 'deparser': end
[06:59:20.440] [bmv2] [D] [thread 32246] [0.0] [cxt 0] Transmitting packet of size 90 out of port 0
[06:59:20.623] [bmv2] [D] [thread 32241] [1.0] [cxt 0] Processing packet received on port 1
[06:59:20.623] [bmv2] [D] [thread 32241] [1.0] [cxt 0] Parser 'parser': start
[06:59:20.623] [bmv2] [D] [thread 32241] [1.0] [cxt 0] Parser 'parser' entering state 'start'
[06:59:20.623] [bmv2] [D] [thread 32241] [1.0] [cxt 0] Extracting header 'ethernet'
[06:59:20.623] [bmv2] [D] [thread 32241] [1.0] [cxt 0] Parser state 'start': key is 86dd
[06:59:20.623] [bmv2] [T] [thread 32241] [1.0] [cxt 0] Bytes parsed: 14
[06:59:20.623] [bmv2] [D] [thread 32241] [1.0] [cxt 0] Parser 'parser': end
[06:59:20.623] [bmv2] [D] [thread 32241] [1.0] [cxt 0] Pipeline 'ingress': start
[06:59:20.623] [bmv2] [T] [thread 32241] [1.0] [cxt 0] Applying table 'tbl_forwarding146'
[06:59:20.623] [bmv2] [D] [thread 32241] [1.0] [cxt 0] Looking up key:

[06:59:20.623] [bmv2] [D] [thread 32241] [1.0] [cxt 0] Table 'tbl_forwarding146': miss
[06:59:20.623] [bmv2] [D] [thread 32241] [1.0] [cxt 0] Action entry is forwarding146 - 
[06:59:20.623] [bmv2] [T] [thread 32241] [1.0] [cxt 0] Action forwarding146
[06:59:20.623] [bmv2] [T] [thread 32241] [1.0] [cxt 0] forwarding.p4(146) Primitive (bit<32>)standard_metadata.ingress_port
[06:59:20.623] [bmv2] [T] [thread 32241] [1.0] [cxt 0] forwarding.p4(146) Primitive port_counter.count((bit<32>)standard_metadata.ingress_port)
[06:59:20.623] [bmv2] [T] [thread 32241] [1.0] [cxt 0] Updated counter 'MyIngress.port_counter' at index 1
[06:59:20.623] [bmv2] [T] [thread 32241] [1.0] [cxt 0] forwarding.p4(149) Condition "hdr.ipv4.isValid()" (node_3) is false
[06:59:20.623] [bmv2] [D] [thread 32241] [1.0] [cxt 0] Pipeline 'ingress': end
[06:59:20.623] [bmv2] [D] [thread 32241] [1.0] [cxt 0] Egress port is 0
[06:59:20.623] [bmv2] [D] [thread 32242] [1.0] [cxt 0] Pipeline 'egress': start
[06:59:20.623] [bmv2] [D] [thread 32242] [1.0] [cxt 0] Pipeline 'egress': end
[06:59:20.623] [bmv2] [D] [thread 32242] [1.0] [cxt 0] Deparser 'deparser': start
[06:59:20.623] [bmv2] [T] [thread 32242] [1.0] [cxt 0] Skipping checksum 'cksum' update because condition not met
[06:59:20.623] [bmv2] [D] [thread 32242] [1.0] [cxt 0] Deparsing header 'ethernet'
[06:59:20.623] [bmv2] [D] [thread 32242] [1.0] [cxt 0] Deparser 'deparser': end
[06:59:20.623] [bmv2] [D] [thread 32246] [1.0] [cxt 0] Transmitting packet of size 90 out of port 0
[06:59:21.099] [bmv2] [D] [thread 32241] [2.0] [cxt 0] Processing packet received on port 3
[06:59:21.099] [bmv2] [D] [thread 32241] [2.0] [cxt 0] Parser 'parser': start
[06:59:21.099] [bmv2] [D] [thread 32241] [2.0] [cxt 0] Parser 'parser' entering state 'start'
[06:59:21.099] [bmv2] [D] [thread 32241] [2.0] [cxt 0] Extracting header 'ethernet'
[06:59:21.099] [bmv2] [D] [thread 32241] [2.0] [cxt 0] Parser state 'start': key is 86dd
[06:59:21.099] [bmv2] [T] [thread 32241] [2.0] [cxt 0] Bytes parsed: 14
[06:59:21.099] [bmv2] [D] [thread 32241] [2.0] [cxt 0] Parser 'parser': end
[06:59:21.099] [bmv2] [D] [thread 32241] [2.0] [cxt 0] Pipeline 'ingress': start
[06:59:21.099] [bmv2] [T] [thread 32241] [2.0] [cxt 0] Applying table 'tbl_forwarding146'
[06:59:21.099] [bmv2] [D] [thread 32241] [2.0] [cxt 0] Looking up key:

[06:59:21.100] [bmv2] [D] [thread 32241] [2.0] [cxt 0] Table 'tbl_forwarding146': miss
[06:59:21.100] [bmv2] [D] [thread 32241] [2.0] [cxt 0] Action entry is forwarding146 - 
[06:59:21.100] [bmv2] [T] [thread 32241] [2.0] [cxt 0] Action forwarding146
[06:59:21.100] [bmv2] [T] [thread 32241] [2.0] [cxt 0] forwarding.p4(146) Primitive (bit<32>)standard_metadata.ingress_port
[06:59:21.100] [bmv2] [T] [thread 32241] [2.0] [cxt 0] forwarding.p4(146) Primitive port_counter.count((bit<32>)standard_metadata.ingress_port)
[06:59:21.100] [bmv2] [T] [thread 32241] [2.0] [cxt 0] Updated counter 'MyIngress.port_counter' at index 3
[06:59:21.100] [bmv2] [T] [thread 32241] [2.0] [cxt 0] forwarding.p4(149) Condition "hdr.ipv4.isValid()" (node_3) is false
[06:59:21.100] [bmv2] [D] [thread 32241] [2.0] [cxt 0] Pipeline 'ingress': end
[06:59:21.100] [bmv2] [D] [thread 32241] [2.0] [cxt 0] Egress port is 0
[06:59:21.100] [bmv2] [D] [thread 32242] [2.0] [cxt 0] Pipeline 'egress': start
[06:59:21.100] [bmv2] [D] [thread 32242] [2.0] [cxt 0] Pipeline 'egress': end
[06:59:21.100] [bmv2] [D] [thread 32242] [2.0] [cxt 0] Deparser 'deparser': start
[06:59:21.100] [bmv2] [T] [thread 32242] [2.0] [cxt 0] Skipping checksum 'cksum' update because condition not met
[06:59:21.100] [bmv2] [D] [thread 32242] [2.0] [cxt 0] Deparsing header 'ethernet'
[06:59:21.100] [bmv2] [D] [thread 32242] [2.0] [cxt 0] Deparser 'deparser': end
[06:59:21.100] [bmv2] [D] [thread 32246] [2.0] [cxt 0] Transmitting packet of size 90 out of port 0
[06:59:23.258] [bmv2] [D] [thread 32241] [3.0] [cxt 0] Processing packet received on port 3
[06:59:23.258] [bmv2] [D] [thread 32241] [3.0] [cxt 0] Parser 'parser': start
[06:59:23.258] [bmv2] [D] [thread 32241] [3.0] [cxt 0] Parser 'parser' entering state 'start'
[06:59:23.258] [bmv2] [D] [thread 32241] [3.0] [cxt 0] Extracting header 'ethernet'
[06:59:23.259] [bmv2] [D] [thread 32241] [3.0] [cxt 0] Parser state 'start': key is 86dd
[06:59:23.259] [bmv2] [T] [thread 32241] [3.0] [cxt 0] Bytes parsed: 14
[06:59:23.259] [bmv2] [D] [thread 32241] [3.0] [cxt 0] Parser 'parser': end
[06:59:23.259] [bmv2] [D] [thread 32241] [3.0] [cxt 0] Pipeline 'ingress': start
[06:59:23.259] [bmv2] [T] [thread 32241] [3.0] [cxt 0] Applying table 'tbl_forwarding146'
[06:59:23.259] [bmv2] [D] [thread 32241] [3.0] [cxt 0] Looking up key:

[06:59:23.259] [bmv2] [D] [thread 32241] [3.0] [cxt 0] Table 'tbl_forwarding146': miss
[06:59:23.259] [bmv2] [D] [thread 32241] [3.0] [cxt 0] Action entry is forwarding146 - 
[06:59:23.259] [bmv2] [T] [thread 32241] [3.0] [cxt 0] Action forwarding146
[06:59:23.259] [bmv2] [T] [thread 32241] [3.0] [cxt 0] forwarding.p4(146) Primitive (bit<32>)standard_metadata.ingress_port
[06:59:23.259] [bmv2] [T] [thread 32241] [3.0] [cxt 0] forwarding.p4(146) Primitive port_counter.count((bit<32>)standard_metadata.ingress_port)
[06:59:23.259] [bmv2] [T] [thread 32241] [3.0] [cxt 0] Updated counter 'MyIngress.port_counter' at index 3
[06:59:23.259] [bmv2] [T] [thread 32241] [3.0] [cxt 0] forwarding.p4(149) Condition "hdr.ipv4.isValid()" (node_3) is false
[06:59:23.259] [bmv2] [D] [thread 32241] [3.0] [cxt 0] Pipeline 'ingress': end
[06:59:23.259] [bmv2] [D] [thread 32241] [3.0] [cxt 0] Egress port is 0
[06:59:23.259] [bmv2] [D] [thread 32242] [3.0] [cxt 0] Pipeline 'egress': start
[06:59:23.259] [bmv2] [D] [thread 32242] [3.0] [cxt 0] Pipeline 'egress': end
[06:59:23.259] [bmv2] [D] [thread 32242] [3.0] [cxt 0] Deparser 'deparser': start
[06:59:23.259] [bmv2] [T] [thread 32242] [3.0] [cxt 0] Skipping checksum 'cksum' update because condition not met
[06:59:23.259] [bmv2] [D] [thread 32242] [3.0] [cxt 0] Deparsing header 'ethernet'
[06:59:23.259] [bmv2] [D] [thread 32242] [3.0] [cxt 0] Deparser 'deparser': end
[06:59:23.259] [bmv2] [D] [thread 32246] [3.0] [cxt 0] Transmitting packet of size 70 out of port 0
[06:59:24.469] [bmv2] [T] [thread 32369] bm_get_config
[06:59:24.470] [bmv2] [T] [thread 32369] bm_set_default_action
[06:59:24.470] [bmv2] [D] [thread 32369] Set default entry for table 'MyIngress.ipv4_exact': MyIngress.drop - 
[06:59:24.470] [bmv2] [T] [thread 32369] bm_table_add_entry
[06:59:24.471] [bmv2] [D] [thread 32369] Entry 0 added to table 'MyIngress.ipv4_exact'
[06:59:24.471] [bmv2] [D] [thread 32369] Dumping entry 0
Match key:
* hdr.ipv4.srcAddr    : EXACT     0a000101
* hdr.ipv4.dstAddr    : EXACT     0a000303
Action entry: MyIngress.ipv4_forward - a000303,2,

[06:59:24.471] [bmv2] [T] [thread 32369] bm_table_add_entry
[06:59:24.471] [bmv2] [D] [thread 32369] Entry 1 added to table 'MyIngress.ipv4_exact'
[06:59:24.471] [bmv2] [D] [thread 32369] Dumping entry 1
Match key:
* hdr.ipv4.srcAddr    : EXACT     0a000202
* hdr.ipv4.dstAddr    : EXACT     0a000303
Action entry: MyIngress.ipv4_forward - a000303,2,

[06:59:24.471] [bmv2] [T] [thread 32369] bm_table_add_entry
[06:59:24.471] [bmv2] [D] [thread 32369] Entry 2 added to table 'MyIngress.ipv4_exact'
[06:59:24.471] [bmv2] [D] [thread 32369] Dumping entry 2
Match key:
* hdr.ipv4.srcAddr    : EXACT     0a000404
* hdr.ipv4.dstAddr    : EXACT     0a000303
Action entry: MyIngress.ipv4_forward - a000303,2,

[06:59:24.472] [bmv2] [T] [thread 32369] bm_table_add_entry
[06:59:24.472] [bmv2] [D] [thread 32369] Entry 3 added to table 'MyIngress.ipv4_exact'
[06:59:24.472] [bmv2] [D] [thread 32369] Dumping entry 3
Match key:
* hdr.ipv4.srcAddr    : EXACT     0a000505
* hdr.ipv4.dstAddr    : EXACT     0a000303
Action entry: MyIngress.ipv4_forward - a000303,2,

[06:59:24.472] [bmv2] [T] [thread 32369] bm_table_add_entry
[06:59:24.472] [bmv2] [D] [thread 32369] Entry 4 added to table 'MyIngress.ipv4_exact'
[06:59:24.472] [bmv2] [D] [thread 32369] Dumping entry 4
Match key:
* hdr.ipv4.srcAddr    : EXACT     0a000404
* hdr.ipv4.dstAddr    : EXACT     0a000101
Action entry: MyIngress.ipv4_forward - a000101,1,

[06:59:24.473] [bmv2] [T] [thread 32369] bm_table_add_entry
[06:59:24.473] [bmv2] [D] [thread 32369] Entry 5 added to table 'MyIngress.ipv4_exact'
[06:59:24.473] [bmv2] [D] [thread 32369] Dumping entry 5
Match key:
* hdr.ipv4.srcAddr    : EXACT     0a000404
* hdr.ipv4.dstAddr    : EXACT     0a000202
Action entry: MyIngress.ipv4_forward - a000101,1,

[06:59:24.473] [bmv2] [T] [thread 32369] bm_table_add_entry
[06:59:24.473] [bmv2] [D] [thread 32369] Entry 6 added to table 'MyIngress.ipv4_exact'
[06:59:24.473] [bmv2] [D] [thread 32369] Dumping entry 6
Match key:
* hdr.ipv4.srcAddr    : EXACT     0a000404
* hdr.ipv4.dstAddr    : EXACT     0a000505
Action entry: MyIngress.ipv4_forward - a000101,1,

[06:59:24.474] [bmv2] [T] [thread 32369] bm_table_add_entry
[06:59:24.474] [bmv2] [D] [thread 32369] Entry 7 added to table 'MyIngress.ipv4_exact'
[06:59:24.474] [bmv2] [D] [thread 32369] Dumping entry 7
Match key:
* hdr.ipv4.srcAddr    : EXACT     0a000303
* hdr.ipv4.dstAddr    : EXACT     0a000101
Action entry: MyIngress.ipv4_forward - a000101,1,

[06:59:24.474] [bmv2] [T] [thread 32369] bm_table_add_entry
[06:59:24.474] [bmv2] [D] [thread 32369] Entry 8 added to table 'MyIngress.ipv4_exact'
[06:59:24.474] [bmv2] [D] [thread 32369] Dumping entry 8
Match key:
* hdr.ipv4.srcAddr    : EXACT     0a000303
* hdr.ipv4.dstAddr    : EXACT     0a000202
Action entry: MyIngress.ipv4_forward - a000101,1,

[06:59:24.474] [bmv2] [T] [thread 32369] bm_table_add_entry
[06:59:24.475] [bmv2] [D] [thread 32369] Entry 9 added to table 'MyIngress.ipv4_exact'
[06:59:24.475] [bmv2] [D] [thread 32369] Dumping entry 9
Match key:
* hdr.ipv4.srcAddr    : EXACT     0a000303
* hdr.ipv4.dstAddr    : EXACT     0a000505
Action entry: MyIngress.ipv4_forward - a000101,1,

[06:59:24.475] [bmv2] [T] [thread 32369] bm_table_add_entry
[06:59:24.475] [bmv2] [D] [thread 32369] Entry 10 added to table 'MyIngress.ipv4_exact'
[06:59:24.475] [bmv2] [D] [thread 32369] Dumping entry 10
Match key:
* hdr.ipv4.srcAddr    : EXACT     0a000101
* hdr.ipv4.dstAddr    : EXACT     0a000404
Action entry: MyIngress.ipv4_forward - a000404,3,

[06:59:24.475] [bmv2] [T] [thread 32369] bm_table_add_entry
[06:59:24.475] [bmv2] [D] [thread 32369] Entry 11 added to table 'MyIngress.ipv4_exact'
[06:59:24.475] [bmv2] [D] [thread 32369] Dumping entry 11
Match key:
* hdr.ipv4.srcAddr    : EXACT     0a000202
* hdr.ipv4.dstAddr    : EXACT     0a000404
Action entry: MyIngress.ipv4_forward - a000404,3,

[06:59:24.476] [bmv2] [T] [thread 32369] bm_table_add_entry
[06:59:24.476] [bmv2] [D] [thread 32369] Entry 12 added to table 'MyIngress.ipv4_exact'
[06:59:24.476] [bmv2] [D] [thread 32369] Dumping entry 12
Match key:
* hdr.ipv4.srcAddr    : EXACT     0a000303
* hdr.ipv4.dstAddr    : EXACT     0a000404
Action entry: MyIngress.ipv4_forward - a000404,3,

[06:59:24.476] [bmv2] [T] [thread 32369] bm_table_add_entry
[06:59:24.476] [bmv2] [D] [thread 32369] Entry 13 added to table 'MyIngress.ipv4_exact'
[06:59:24.476] [bmv2] [D] [thread 32369] Dumping entry 13
Match key:
* hdr.ipv4.srcAddr    : EXACT     0a000505
* hdr.ipv4.dstAddr    : EXACT     0a000404
Action entry: MyIngress.ipv4_forward - a000404,3,

open: No such file or directory
open: No such file or directory
open: No such file or directory
open: No such file or directory
open: No such file or directory
