Warning: you requested the nanomsg event logger, but bmv2 was compiled without -DBMELOG, and the event logger cannot be activated
Calling target program-options parser
[06:59:21.257] [bmv2] [D] [thread 32249] Set default default entry for table 'tbl_forwarding146': forwarding146 - 
[06:59:21.258] [bmv2] [D] [thread 32249] Set default default entry for table 'MyIngress.ipv4_exact': NoAction - 
Adding interface s4-eth1 as port 1
[06:59:21.262] [bmv2] [D] [thread 32249] Adding interface s4-eth1 as port 1
Adding interface s4-eth2 as port 2
[06:59:21.306] [bmv2] [D] [thread 32249] Adding interface s4-eth2 as port 2
[06:59:21.343] [bmv2] [I] [thread 32249] Starting Thrift server on port 9093
[06:59:21.347] [bmv2] [I] [thread 32249] Thrift server was started
[06:59:23.259] [bmv2] [D] [thread 32256] [0.0] [cxt 0] Processing packet received on port 2
[06:59:23.259] [bmv2] [D] [thread 32256] [0.0] [cxt 0] Parser 'parser': start
[06:59:23.259] [bmv2] [D] [thread 32256] [0.0] [cxt 0] Parser 'parser' entering state 'start'
[06:59:23.259] [bmv2] [D] [thread 32256] [0.0] [cxt 0] Extracting header 'ethernet'
[06:59:23.259] [bmv2] [D] [thread 32256] [0.0] [cxt 0] Parser state 'start': key is 86dd
[06:59:23.259] [bmv2] [T] [thread 32256] [0.0] [cxt 0] Bytes parsed: 14
[06:59:23.259] [bmv2] [D] [thread 32256] [0.0] [cxt 0] Parser 'parser': end
[06:59:23.259] [bmv2] [D] [thread 32256] [0.0] [cxt 0] Pipeline 'ingress': start
[06:59:23.259] [bmv2] [T] [thread 32256] [0.0] [cxt 0] Applying table 'tbl_forwarding146'
[06:59:23.259] [bmv2] [D] [thread 32256] [0.0] [cxt 0] Looking up key:

[06:59:23.259] [bmv2] [D] [thread 32256] [0.0] [cxt 0] Table 'tbl_forwarding146': miss
[06:59:23.259] [bmv2] [D] [thread 32256] [0.0] [cxt 0] Action entry is forwarding146 - 
[06:59:23.259] [bmv2] [T] [thread 32256] [0.0] [cxt 0] Action forwarding146
[06:59:23.259] [bmv2] [T] [thread 32256] [0.0] [cxt 0] forwarding.p4(146) Primitive (bit<32>)standard_metadata.ingress_port
[06:59:23.259] [bmv2] [T] [thread 32256] [0.0] [cxt 0] forwarding.p4(146) Primitive port_counter.count((bit<32>)standard_metadata.ingress_port)
[06:59:23.259] [bmv2] [T] [thread 32256] [0.0] [cxt 0] Updated counter 'MyIngress.port_counter' at index 2
[06:59:23.259] [bmv2] [T] [thread 32256] [0.0] [cxt 0] forwarding.p4(149) Condition "hdr.ipv4.isValid()" (node_3) is false
[06:59:23.259] [bmv2] [D] [thread 32256] [0.0] [cxt 0] Pipeline 'ingress': end
[06:59:23.259] [bmv2] [D] [thread 32256] [0.0] [cxt 0] Egress port is 0
[06:59:23.259] [bmv2] [D] [thread 32257] [0.0] [cxt 0] Pipeline 'egress': start
[06:59:23.259] [bmv2] [D] [thread 32257] [0.0] [cxt 0] Pipeline 'egress': end
[06:59:23.259] [bmv2] [D] [thread 32257] [0.0] [cxt 0] Deparser 'deparser': start
[06:59:23.259] [bmv2] [T] [thread 32257] [0.0] [cxt 0] Skipping checksum 'cksum' update because condition not met
[06:59:23.259] [bmv2] [D] [thread 32257] [0.0] [cxt 0] Deparsing header 'ethernet'
[06:59:23.259] [bmv2] [D] [thread 32257] [0.0] [cxt 0] Deparser 'deparser': end
[06:59:23.259] [bmv2] [D] [thread 32261] [0.0] [cxt 0] Transmitting packet of size 70 out of port 0
[06:59:24.847] [bmv2] [T] [thread 32414] bm_get_config
[06:59:24.848] [bmv2] [T] [thread 32414] bm_set_default_action
[06:59:24.848] [bmv2] [D] [thread 32414] Set default entry for table 'MyIngress.ipv4_exact': MyIngress.drop - 
[06:59:24.848] [bmv2] [T] [thread 32414] bm_table_add_entry
[06:59:24.848] [bmv2] [D] [thread 32414] Entry 0 added to table 'MyIngress.ipv4_exact'
[06:59:24.848] [bmv2] [D] [thread 32414] Dumping entry 0
Match key:
* hdr.ipv4.srcAddr    : EXACT     0a000101
* hdr.ipv4.dstAddr    : EXACT     0a000404
Action entry: MyIngress.ipv4_forward - a000404,1,

[06:59:24.848] [bmv2] [T] [thread 32414] bm_table_add_entry
[06:59:24.848] [bmv2] [D] [thread 32414] Entry 1 added to table 'MyIngress.ipv4_exact'
[06:59:24.848] [bmv2] [D] [thread 32414] Dumping entry 1
Match key:
* hdr.ipv4.srcAddr    : EXACT     0a000202
* hdr.ipv4.dstAddr    : EXACT     0a000404
Action entry: MyIngress.ipv4_forward - a000404,1,

[06:59:24.849] [bmv2] [T] [thread 32414] bm_table_add_entry
[06:59:24.849] [bmv2] [D] [thread 32414] Entry 2 added to table 'MyIngress.ipv4_exact'
[06:59:24.849] [bmv2] [D] [thread 32414] Dumping entry 2
Match key:
* hdr.ipv4.srcAddr    : EXACT     0a000303
* hdr.ipv4.dstAddr    : EXACT     0a000404
Action entry: MyIngress.ipv4_forward - a000404,1,

[06:59:24.849] [bmv2] [T] [thread 32414] bm_table_add_entry
[06:59:24.849] [bmv2] [D] [thread 32414] Entry 3 added to table 'MyIngress.ipv4_exact'
[06:59:24.849] [bmv2] [D] [thread 32414] Dumping entry 3
Match key:
* hdr.ipv4.srcAddr    : EXACT     0a000505
* hdr.ipv4.dstAddr    : EXACT     0a000404
Action entry: MyIngress.ipv4_forward - a000404,1,

[06:59:24.849] [bmv2] [T] [thread 32414] bm_table_add_entry
[06:59:24.849] [bmv2] [D] [thread 32414] Entry 4 added to table 'MyIngress.ipv4_exact'
[06:59:24.849] [bmv2] [D] [thread 32414] Dumping entry 4
Match key:
* hdr.ipv4.srcAddr    : EXACT     0a000404
* hdr.ipv4.dstAddr    : EXACT     0a000101
Action entry: MyIngress.ipv4_forward - a000303,2,

[06:59:24.849] [bmv2] [T] [thread 32414] bm_table_add_entry
[06:59:24.849] [bmv2] [D] [thread 32414] Entry 5 added to table 'MyIngress.ipv4_exact'
[06:59:24.849] [bmv2] [D] [thread 32414] Dumping entry 5
Match key:
* hdr.ipv4.srcAddr    : EXACT     0a000404
* hdr.ipv4.dstAddr    : EXACT     0a000202
Action entry: MyIngress.ipv4_forward - a000303,2,

[06:59:24.850] [bmv2] [T] [thread 32414] bm_table_add_entry
[06:59:24.850] [bmv2] [D] [thread 32414] Entry 6 added to table 'MyIngress.ipv4_exact'
[06:59:24.850] [bmv2] [D] [thread 32414] Dumping entry 6
Match key:
* hdr.ipv4.srcAddr    : EXACT     0a000404
* hdr.ipv4.dstAddr    : EXACT     0a000303
Action entry: MyIngress.ipv4_forward - a000303,2,

[06:59:24.850] [bmv2] [T] [thread 32414] bm_table_add_entry
[06:59:24.850] [bmv2] [D] [thread 32414] Entry 7 added to table 'MyIngress.ipv4_exact'
[06:59:24.850] [bmv2] [D] [thread 32414] Dumping entry 7
Match key:
* hdr.ipv4.srcAddr    : EXACT     0a000404
* hdr.ipv4.dstAddr    : EXACT     0a000505
Action entry: MyIngress.ipv4_forward - a000303,2,

open: No such file or directory
open: No such file or directory
open: No such file or directory
