Warning: you requested the nanomsg event logger, but bmv2 was compiled without -DBMELOG, and the event logger cannot be activated
Calling target program-options parser
[06:59:22.253] [bmv2] [D] [thread 32265] Set default default entry for table 'tbl_forwarding146': forwarding146 - 
[06:59:22.253] [bmv2] [D] [thread 32265] Set default default entry for table 'MyIngress.ipv4_exact': NoAction - 
Adding interface s5-eth1 as port 1
[06:59:22.262] [bmv2] [D] [thread 32265] Adding interface s5-eth1 as port 1
Adding interface s5-eth2 as port 2
[06:59:22.315] [bmv2] [D] [thread 32265] Adding interface s5-eth2 as port 2
[06:59:22.356] [bmv2] [I] [thread 32265] Starting Thrift server on port 9094
[06:59:22.356] [bmv2] [I] [thread 32265] Thrift server was started
[06:59:24.744] [bmv2] [T] [thread 32412] bm_get_config
[06:59:24.745] [bmv2] [T] [thread 32412] bm_set_default_action
[06:59:24.745] [bmv2] [D] [thread 32412] Set default entry for table 'MyIngress.ipv4_exact': MyIngress.drop - 
[06:59:24.745] [bmv2] [T] [thread 32412] bm_table_add_entry
[06:59:24.746] [bmv2] [D] [thread 32412] Entry 0 added to table 'MyIngress.ipv4_exact'
[06:59:24.746] [bmv2] [D] [thread 32412] Dumping entry 0
Match key:
* hdr.ipv4.srcAddr    : EXACT     0a000101
* hdr.ipv4.dstAddr    : EXACT     0a000505
Action entry: MyIngress.ipv4_forward - a000505,1,

[06:59:24.746] [bmv2] [T] [thread 32412] bm_table_add_entry
[06:59:24.746] [bmv2] [D] [thread 32412] Entry 1 added to table 'MyIngress.ipv4_exact'
[06:59:24.746] [bmv2] [D] [thread 32412] Dumping entry 1
Match key:
* hdr.ipv4.srcAddr    : EXACT     0a000202
* hdr.ipv4.dstAddr    : EXACT     0a000505
Action entry: MyIngress.ipv4_forward - a000505,1,

[06:59:24.746] [bmv2] [T] [thread 32412] bm_table_add_entry
[06:59:24.746] [bmv2] [D] [thread 32412] Entry 2 added to table 'MyIngress.ipv4_exact'
[06:59:24.746] [bmv2] [D] [thread 32412] Dumping entry 2
Match key:
* hdr.ipv4.srcAddr    : EXACT     0a000303
* hdr.ipv4.dstAddr    : EXACT     0a000505
Action entry: MyIngress.ipv4_forward - a000505,1,

[06:59:24.746] [bmv2] [T] [thread 32412] bm_table_add_entry
[06:59:24.746] [bmv2] [D] [thread 32412] Entry 3 added to table 'MyIngress.ipv4_exact'
[06:59:24.746] [bmv2] [D] [thread 32412] Dumping entry 3
Match key:
* hdr.ipv4.srcAddr    : EXACT     0a000404
* hdr.ipv4.dstAddr    : EXACT     0a000505
Action entry: MyIngress.ipv4_forward - a000505,1,

[06:59:24.747] [bmv2] [T] [thread 32412] bm_table_add_entry
[06:59:24.747] [bmv2] [D] [thread 32412] Entry 4 added to table 'MyIngress.ipv4_exact'
[06:59:24.747] [bmv2] [D] [thread 32412] Dumping entry 4
Match key:
* hdr.ipv4.srcAddr    : EXACT     0a000505
* hdr.ipv4.dstAddr    : EXACT     0a000101
Action entry: MyIngress.ipv4_forward - a000202,2,

[06:59:24.747] [bmv2] [T] [thread 32412] bm_table_add_entry
[06:59:24.747] [bmv2] [D] [thread 32412] Entry 5 added to table 'MyIngress.ipv4_exact'
[06:59:24.747] [bmv2] [D] [thread 32412] Dumping entry 5
Match key:
* hdr.ipv4.srcAddr    : EXACT     0a000505
* hdr.ipv4.dstAddr    : EXACT     0a000202
Action entry: MyIngress.ipv4_forward - a000202,2,

[06:59:24.747] [bmv2] [T] [thread 32412] bm_table_add_entry
[06:59:24.747] [bmv2] [D] [thread 32412] Entry 6 added to table 'MyIngress.ipv4_exact'
[06:59:24.747] [bmv2] [D] [thread 32412] Dumping entry 6
Match key:
* hdr.ipv4.srcAddr    : EXACT     0a000505
* hdr.ipv4.dstAddr    : EXACT     0a000303
Action entry: MyIngress.ipv4_forward - a000202,2,

[06:59:24.748] [bmv2] [T] [thread 32412] bm_table_add_entry
[06:59:24.748] [bmv2] [D] [thread 32412] Entry 7 added to table 'MyIngress.ipv4_exact'
[06:59:24.748] [bmv2] [D] [thread 32412] Dumping entry 7
Match key:
* hdr.ipv4.srcAddr    : EXACT     0a000505
* hdr.ipv4.dstAddr    : EXACT     0a000404
Action entry: MyIngress.ipv4_forward - a000202,2,

open: No such file or directory
open: No such file or directory
open: No such file or directory
open: No such file or directory
